This file contains any messages produced by compilers while
running configure, to aid debugging if configure makes a mistake.

It was created by libSBML configure 5.0.0, which was
generated by GNU Autoconf 2.65.  Invocation command line was

  $ ./configure --prefix /home/alex/Documents/imperial/project/work/SBMLIntegrator/source/libsbml

## --------- ##
## Platform. ##
## --------- ##

hostname = Sean
uname -m = i686
uname -r = 2.6.32-33-generic
uname -s = Linux
uname -v = #72-Ubuntu SMP Fri Jul 29 21:08:37 UTC 2011

/usr/bin/uname -p = unknown
/bin/uname -X     = unknown

/bin/arch              = unknown
/usr/bin/arch -k       = unknown
/usr/convex/getsysinfo = unknown
/usr/bin/hostinfo      = unknown
/bin/machine           = unknown
/usr/bin/oslevel       = unknown
/bin/universe          = unknown

PATH: /usr/local/sbin
PATH: /usr/local/bin
PATH: /usr/sbin
PATH: /usr/bin
PATH: /sbin
PATH: /bin
PATH: /usr/games


## ----------- ##
## Core tests. ##
## ----------- ##

configure:2922: checking build system type
configure:2936: result: i686-pc-linux-gnu
configure:2956: checking host system type
configure:2969: result: i686-pc-linux-gnu
configure:3224: checking for g++
configure:3240: found /usr/bin/g++
configure:3251: result: g++
configure:3278: checking for C++ compiler version
configure:3287: g++ --version >&5
g++ (Ubuntu 4.4.3-4ubuntu5) 4.4.3
Copyright (C) 2009 Free Software Foundation, Inc.
This is free software; see the source for copying conditions.  There is NO
warranty; not even for MERCHANTABILITY or FITNESS FOR A PARTICULAR PURPOSE.

configure:3298: $? = 0
configure:3287: g++ -v >&5
Using built-in specs.
Target: i486-linux-gnu
Configured with: ../src/configure -v --with-pkgversion='Ubuntu 4.4.3-4ubuntu5' --with-bugurl=file:///usr/share/doc/gcc-4.4/README.Bugs --enable-languages=c,c++,fortran,objc,obj-c++ --prefix=/usr --enable-shared --enable-multiarch --enable-linker-build-id --with-system-zlib --libexecdir=/usr/lib --without-included-gettext --enable-threads=posix --with-gxx-include-dir=/usr/include/c++/4.4 --program-suffix=-4.4 --enable-nls --enable-clocale=gnu --enable-libstdcxx-debug --enable-plugin --enable-objc-gc --enable-targets=all --disable-werror --with-arch-32=i486 --with-tune=generic --enable-checking=release --build=i486-linux-gnu --host=i486-linux-gnu --target=i486-linux-gnu
Thread model: posix
gcc version 4.4.3 (Ubuntu 4.4.3-4ubuntu5) 
configure:3298: $? = 0
configure:3287: g++ -V >&5
g++: '-V' option must have argument
configure:3298: $? = 1
configure:3287: g++ -qversion >&5
g++: unrecognized option '-qversion'
g++: no input files
configure:3298: $? = 1
configure:3318: checking whether the C++ compiler works
configure:3340: g++  -DLINUX   conftest.cpp  >&5
configure:3344: $? = 0
configure:3393: result: yes
configure:3396: checking for C++ compiler default output file name
configure:3398: result: a.out
configure:3404: checking for suffix of executables
configure:3411: g++ -o conftest  -DLINUX   conftest.cpp  >&5
configure:3415: $? = 0
configure:3437: result: 
configure:3459: checking whether we are cross compiling
configure:3467: g++ -o conftest  -DLINUX   conftest.cpp  >&5
configure:3471: $? = 0
configure:3478: ./conftest
configure:3482: $? = 0
configure:3497: result: no
configure:3502: checking for suffix of object files
configure:3524: g++ -c  -DLINUX  conftest.cpp >&5
configure:3528: $? = 0
configure:3549: result: o
configure:3553: checking whether we are using the GNU C++ compiler
configure:3572: g++ -c  -DLINUX  conftest.cpp >&5
configure:3572: $? = 0
configure:3581: result: yes
configure:3590: checking whether g++ accepts -g
configure:3610: g++ -c -g -DLINUX  conftest.cpp >&5
configure:3610: $? = 0
configure:3651: result: yes
configure:3722: checking for gcc
configure:3738: found /usr/bin/gcc
configure:3749: result: gcc
configure:3978: checking for C compiler version
configure:3987: gcc --version >&5
gcc (Ubuntu 4.4.3-4ubuntu5) 4.4.3
Copyright (C) 2009 Free Software Foundation, Inc.
This is free software; see the source for copying conditions.  There is NO
warranty; not even for MERCHANTABILITY or FITNESS FOR A PARTICULAR PURPOSE.

configure:3998: $? = 0
configure:3987: gcc -v >&5
Using built-in specs.
Target: i486-linux-gnu
Configured with: ../src/configure -v --with-pkgversion='Ubuntu 4.4.3-4ubuntu5' --with-bugurl=file:///usr/share/doc/gcc-4.4/README.Bugs --enable-languages=c,c++,fortran,objc,obj-c++ --prefix=/usr --enable-shared --enable-multiarch --enable-linker-build-id --with-system-zlib --libexecdir=/usr/lib --without-included-gettext --enable-threads=posix --with-gxx-include-dir=/usr/include/c++/4.4 --program-suffix=-4.4 --enable-nls --enable-clocale=gnu --enable-libstdcxx-debug --enable-plugin --enable-objc-gc --enable-targets=all --disable-werror --with-arch-32=i486 --with-tune=generic --enable-checking=release --build=i486-linux-gnu --host=i486-linux-gnu --target=i486-linux-gnu
Thread model: posix
gcc version 4.4.3 (Ubuntu 4.4.3-4ubuntu5) 
configure:3998: $? = 0
configure:3987: gcc -V >&5
gcc: '-V' option must have argument
configure:3998: $? = 1
configure:3987: gcc -qversion >&5
gcc: unrecognized option '-qversion'
gcc: no input files
configure:3998: $? = 1
configure:4002: checking whether we are using the GNU C compiler
configure:4021: gcc -c  -DLINUX  conftest.c >&5
configure:4021: $? = 0
configure:4030: result: yes
configure:4039: checking whether gcc accepts -g
configure:4059: gcc -c -g -DLINUX  conftest.c >&5
configure:4059: $? = 0
configure:4100: result: yes
configure:4117: checking for gcc option to accept ISO C89
configure:4181: gcc  -c  -DLINUX  conftest.c >&5
configure:4181: $? = 0
configure:4194: result: none needed
configure:4219: checking how to run the C preprocessor
configure:4250: gcc -E -DLINUX  conftest.c
configure:4250: $? = 0
configure:4264: gcc -E -DLINUX  conftest.c
conftest.c:14:28: error: ac_nonexistent.h: No such file or directory
configure:4264: $? = 1
configure: failed program was:
| /* confdefs.h */
| #define PACKAGE_NAME "libSBML"
| #define PACKAGE_TARNAME "libsbml"
| #define PACKAGE_VERSION "5.0.0"
| #define PACKAGE_STRING "libSBML 5.0.0"
| #define PACKAGE_BUGREPORT "libsbml-team@caltech.edu"
| #define PACKAGE_URL "http://sbml.org/Software/libSBML"
| #define USE_COMPRESSION 1
| #define SHAREDLIBEXT 1
| #define HOST_TYPE 1
| #define LIBSUFFIX 1
| #define RUN_LDPATH 1
| /* end confdefs.h.  */
| #include <ac_nonexistent.h>
configure:4289: result: gcc -E
configure:4309: gcc -E -DLINUX  conftest.c
configure:4309: $? = 0
configure:4323: gcc -E -DLINUX  conftest.c
conftest.c:14:28: error: ac_nonexistent.h: No such file or directory
configure:4323: $? = 1
configure: failed program was:
| /* confdefs.h */
| #define PACKAGE_NAME "libSBML"
| #define PACKAGE_TARNAME "libsbml"
| #define PACKAGE_VERSION "5.0.0"
| #define PACKAGE_STRING "libSBML 5.0.0"
| #define PACKAGE_BUGREPORT "libsbml-team@caltech.edu"
| #define PACKAGE_URL "http://sbml.org/Software/libSBML"
| #define USE_COMPRESSION 1
| #define SHAREDLIBEXT 1
| #define HOST_TYPE 1
| #define LIBSUFFIX 1
| #define RUN_LDPATH 1
| /* end confdefs.h.  */
| #include <ac_nonexistent.h>
configure:4367: checking for a BSD-compatible install
configure:4435: result: /usr/bin/install -c
configure:4446: checking whether make sets $(MAKE)
configure:4468: result: yes
configure:4480: checking for autoconf
configure:4498: found /usr/bin/autoconf
configure:4511: result: /usr/bin/autoconf
configure:4521: checking for aclocal
configure:4539: found /usr/bin/aclocal
configure:4552: result: /usr/bin/aclocal
configure:4565: checking whether -Wno-long-double is supported
configure:4572: gcc -c  -Wno-long-double conftest.c >&5
configure:4572: $? = 0
configure:4575: result: yes
configure:8642: checking for a sed that does not truncate output
configure:8698: result: /bin/sed
configure:8701: checking for grep that handles long lines and -e
configure:8759: result: /bin/grep
configure:8764: checking for egrep
configure:8826: result: /bin/grep -E
configure:8842: checking for ld used by gcc
configure:8909: result: /usr/bin/ld
configure:8916: checking if the linker (/usr/bin/ld) is GNU ld
configure:8931: result: yes
configure:8936: checking for /usr/bin/ld option to reload object files
configure:8943: result: -r
configure:8961: checking for BSD-compatible nm
configure:9010: result: /usr/bin/nm -B
configure:9014: checking whether ln -s works
configure:9018: result: yes
configure:9025: checking how to recognize dependent libraries
configure:9211: result: pass_all
configure:9744: checking for ANSI C header files
configure:9764: gcc -c  -DLINUX  conftest.c >&5
configure:9764: $? = 0
configure:9837: gcc -o conftest  -DLINUX   conftest.c  >&5
configure:9837: $? = 0
configure:9837: ./conftest
configure:9837: $? = 0
configure:9848: result: yes
configure:9861: checking for sys/types.h
configure:9861: gcc -c  -DLINUX  conftest.c >&5
configure:9861: $? = 0
configure:9861: result: yes
configure:9861: checking for sys/stat.h
configure:9861: gcc -c  -DLINUX  conftest.c >&5
configure:9861: $? = 0
configure:9861: result: yes
configure:9861: checking for stdlib.h
configure:9861: gcc -c  -DLINUX  conftest.c >&5
configure:9861: $? = 0
configure:9861: result: yes
configure:9861: checking for string.h
configure:9861: gcc -c  -DLINUX  conftest.c >&5
configure:9861: $? = 0
configure:9861: result: yes
configure:9861: checking for memory.h
configure:9861: gcc -c  -DLINUX  conftest.c >&5
configure:9861: $? = 0
configure:9861: result: yes
configure:9861: checking for strings.h
configure:9861: gcc -c  -DLINUX  conftest.c >&5
configure:9861: $? = 0
configure:9861: result: yes
configure:9861: checking for inttypes.h
configure:9861: gcc -c  -DLINUX  conftest.c >&5
configure:9861: $? = 0
configure:9861: result: yes
configure:9861: checking for stdint.h
configure:9861: gcc -c  -DLINUX  conftest.c >&5
configure:9861: $? = 0
configure:9861: result: yes
configure:9861: checking for unistd.h
configure:9861: gcc -c  -DLINUX  conftest.c >&5
configure:9861: $? = 0
configure:9861: result: yes
configure:9876: checking dlfcn.h usability
configure:9876: gcc -c  -DLINUX  conftest.c >&5
configure:9876: $? = 0
configure:9876: result: yes
configure:9876: checking dlfcn.h presence
configure:9876: gcc -E -DLINUX  conftest.c
configure:9876: $? = 0
configure:9876: result: yes
configure:9876: checking for dlfcn.h
configure:9876: result: yes
configure:9896: checking how to run the C++ preprocessor
configure:9923: g++ -E -DLINUX  conftest.cpp
configure:9923: $? = 0
configure:9937: g++ -E -DLINUX  conftest.cpp
conftest.cpp:25:28: error: ac_nonexistent.h: No such file or directory
configure:9937: $? = 1
configure: failed program was:
| /* confdefs.h */
| #define PACKAGE_NAME "libSBML"
| #define PACKAGE_TARNAME "libsbml"
| #define PACKAGE_VERSION "5.0.0"
| #define PACKAGE_STRING "libSBML 5.0.0"
| #define PACKAGE_BUGREPORT "libsbml-team@caltech.edu"
| #define PACKAGE_URL "http://sbml.org/Software/libSBML"
| #define USE_COMPRESSION 1
| #define SHAREDLIBEXT 1
| #define HOST_TYPE 1
| #define LIBSUFFIX 1
| #define RUN_LDPATH 1
| #define STDC_HEADERS 1
| #define HAVE_SYS_TYPES_H 1
| #define HAVE_SYS_STAT_H 1
| #define HAVE_STDLIB_H 1
| #define HAVE_STRING_H 1
| #define HAVE_MEMORY_H 1
| #define HAVE_STRINGS_H 1
| #define HAVE_INTTYPES_H 1
| #define HAVE_STDINT_H 1
| #define HAVE_UNISTD_H 1
| #define HAVE_DLFCN_H 1
| /* end confdefs.h.  */
| #include <ac_nonexistent.h>
configure:9962: result: g++ -E
configure:9982: g++ -E -DLINUX  conftest.cpp
configure:9982: $? = 0
configure:9996: g++ -E -DLINUX  conftest.cpp
conftest.cpp:25:28: error: ac_nonexistent.h: No such file or directory
configure:9996: $? = 1
configure: failed program was:
| /* confdefs.h */
| #define PACKAGE_NAME "libSBML"
| #define PACKAGE_TARNAME "libsbml"
| #define PACKAGE_VERSION "5.0.0"
| #define PACKAGE_STRING "libSBML 5.0.0"
| #define PACKAGE_BUGREPORT "libsbml-team@caltech.edu"
| #define PACKAGE_URL "http://sbml.org/Software/libSBML"
| #define USE_COMPRESSION 1
| #define SHAREDLIBEXT 1
| #define HOST_TYPE 1
| #define LIBSUFFIX 1
| #define RUN_LDPATH 1
| #define STDC_HEADERS 1
| #define HAVE_SYS_TYPES_H 1
| #define HAVE_SYS_STAT_H 1
| #define HAVE_STDLIB_H 1
| #define HAVE_STRING_H 1
| #define HAVE_MEMORY_H 1
| #define HAVE_STRINGS_H 1
| #define HAVE_INTTYPES_H 1
| #define HAVE_STDINT_H 1
| #define HAVE_UNISTD_H 1
| #define HAVE_DLFCN_H 1
| /* end confdefs.h.  */
| #include <ac_nonexistent.h>
configure:10080: checking for g77
configure:10110: result: no
configure:10080: checking for xlf
configure:10110: result: no
configure:10080: checking for f77
configure:10110: result: no
configure:10080: checking for frt
configure:10110: result: no
configure:10080: checking for pgf77
configure:10110: result: no
configure:10080: checking for cf77
configure:10110: result: no
configure:10080: checking for fort77
configure:10110: result: no
configure:10080: checking for fl32
configure:10110: result: no
configure:10080: checking for af77
configure:10110: result: no
configure:10080: checking for xlf90
configure:10110: result: no
configure:10080: checking for f90
configure:10110: result: no
configure:10080: checking for pgf90
configure:10110: result: no
configure:10080: checking for pghpf
configure:10110: result: no
configure:10080: checking for epcf90
configure:10110: result: no
configure:10080: checking for gfortran
configure:10096: found /usr/bin/gfortran
configure:10107: result: gfortran
configure:10133: checking for Fortran 77 compiler version
configure:10142: gfortran --version >&5
GNU Fortran (Ubuntu 4.4.3-4ubuntu5) 4.4.3
Copyright (C) 2010 Free Software Foundation, Inc.

GNU Fortran comes with NO WARRANTY, to the extent permitted by law.
You may redistribute copies of GNU Fortran
under the terms of the GNU General Public License.
For more information about these matters, see the file named COPYING

configure:10153: $? = 0
configure:10142: gfortran -v >&5
Using built-in specs.
Target: i486-linux-gnu
Configured with: ../src/configure -v --with-pkgversion='Ubuntu 4.4.3-4ubuntu5' --with-bugurl=file:///usr/share/doc/gcc-4.4/README.Bugs --enable-languages=c,c++,fortran,objc,obj-c++ --prefix=/usr --enable-shared --enable-multiarch --enable-linker-build-id --with-system-zlib --libexecdir=/usr/lib --without-included-gettext --enable-threads=posix --with-gxx-include-dir=/usr/include/c++/4.4 --program-suffix=-4.4 --enable-nls --enable-clocale=gnu --enable-libstdcxx-debug --enable-plugin --enable-objc-gc --enable-targets=all --disable-werror --with-arch-32=i486 --with-tune=generic --enable-checking=release --build=i486-linux-gnu --host=i486-linux-gnu --target=i486-linux-gnu
Thread model: posix
gcc version 4.4.3 (Ubuntu 4.4.3-4ubuntu5) 
configure:10153: $? = 0
configure:10142: gfortran -V >&5
gfortran: '-V' option must have argument
configure:10153: $? = 1
configure:10142: gfortran -qversion >&5
gfortran: unrecognized option '-qversion'
gfortran: no input files
configure:10153: $? = 1
configure:10162: checking whether we are using the GNU Fortran 77 compiler
configure:10175: gfortran -c  conftest.F >&5
configure:10175: $? = 0
configure:10184: result: yes
configure:10190: checking whether gfortran accepts -g
configure:10201: gfortran -c -g conftest.f >&5
configure:10201: $? = 0
configure:10209: result: yes
configure:10242: checking the maximum length of command line arguments
configure:10354: result: 1572864
configure:10366: checking command to parse /usr/bin/nm -B output from gcc object
configure:10471: gcc -c  -DLINUX  conftest.c >&5
configure:10474: $? = 0
configure:10478: /usr/bin/nm -B conftest.o \| sed -n -e 's/^.*[ 	]\([ABCDGIRSTW][ABCDGIRSTW]*\)[ 	][ 	]*\([_A-Za-z][_A-Za-z0-9]*\)$/\1 \2 \2/p' \> conftest.nm
configure:10481: $? = 0
configure:10533: gcc -o conftest  -DLINUX   conftest.c conftstm.o >&5
configure:10536: $? = 0
configure:10574: result: ok
configure:10578: checking for objdir
configure:10593: result: .libs
configure:10685: checking for ar
configure:10701: found /usr/bin/ar
configure:10712: result: ar
configure:10777: checking for ranlib
configure:10793: found /usr/bin/ranlib
configure:10804: result: ranlib
configure:10869: checking for strip
configure:10885: found /usr/bin/strip
configure:10896: result: strip
configure:11461: checking if gcc supports -fno-rtti -fno-exceptions
configure:11479: gcc -c  -DLINUX  -fno-rtti -fno-exceptions conftest.c >&5
cc1: warning: command line option "-fno-rtti" is valid for C++/ObjC++ but not for C
configure:11483: $? = 0
configure:11496: result: no
configure:11511: checking for gcc option to produce PIC
configure:11743: result: -fPIC
configure:11751: checking if gcc PIC flag -fPIC works
configure:11769: gcc -c  -DLINUX  -fPIC -DPIC conftest.c >&5
configure:11773: $? = 0
configure:11786: result: yes
configure:11814: checking if gcc static flag -static works
configure:11842: result: yes
configure:11852: checking if gcc supports -c -o file.o
configure:11873: gcc -c  -DLINUX  -o out/conftest2.o conftest.c >&5
configure:11877: $? = 0
configure:11899: result: yes
configure:11925: checking whether the gcc linker (/usr/bin/ld) supports shared libraries
configure:12851: result: yes
configure:12872: checking whether -lc should be explicitly linked in
configure:12877: gcc -c  -DLINUX  conftest.c >&5
configure:12880: $? = 0
configure:12895: gcc -shared conftest.o  -v -Wl,-soname -Wl,conftest -o conftest 2\>\&1 \| grep  -lc  \>/dev/null 2\>\&1
configure:12898: $? = 0
configure:12910: result: no
configure:12918: checking dynamic linker characteristics
configure:13520: result: GNU/Linux ld.so
configure:13544: checking how to hardcode library paths into programs
configure:13569: result: immediate
configure:13583: checking whether stripping libraries is possible
configure:13588: result: yes
configure:14105: checking if libtool supports shared libraries
configure:14107: result: yes
configure:14110: checking whether to build shared libraries
configure:14131: result: yes
configure:14134: checking whether to build static libraries
configure:14138: result: yes
configure:14232: creating libtool
configure:14821: checking for ld used by g++
configure:14888: result: /usr/bin/ld
configure:14895: checking if the linker (/usr/bin/ld) is GNU ld
configure:14910: result: yes
configure:14961: checking whether the g++ linker (/usr/bin/ld) supports shared libraries
configure:15853: result: yes
configure:15874: g++ -c  -DLINUX  conftest.cpp >&5
configure:15877: $? = 0
configure:16033: checking for g++ option to produce PIC
configure:16317: result: -fPIC
configure:16325: checking if g++ PIC flag -fPIC works
configure:16343: g++ -c  -DLINUX  -fPIC -DPIC conftest.cpp >&5
configure:16347: $? = 0
configure:16360: result: yes
configure:16388: checking if g++ static flag -static works
configure:16416: result: yes
configure:16426: checking if g++ supports -c -o file.o
configure:16447: g++ -c  -DLINUX  -o out/conftest2.o conftest.cpp >&5
configure:16451: $? = 0
configure:16473: result: yes
configure:16499: checking whether the g++ linker (/usr/bin/ld) supports shared libraries
configure:16525: result: yes
configure:16592: checking dynamic linker characteristics
configure:17142: result: GNU/Linux ld.so
configure:17166: checking how to hardcode library paths into programs
configure:17191: result: immediate
configure:17730: checking if libtool supports shared libraries
configure:17732: result: yes
configure:17735: checking whether to build shared libraries
configure:17755: result: yes
configure:17758: checking whether to build static libraries
configure:17762: result: yes
configure:17772: checking for gfortran option to produce PIC
configure:18004: result: -fPIC
configure:18012: checking if gfortran PIC flag -fPIC works
configure:18030: gfortran -c -g -O2 -fPIC conftest.f >&5
configure:18034: $? = 0
configure:18047: result: yes
configure:18075: checking if gfortran static flag -static works
configure:18103: result: yes
configure:18113: checking if gfortran supports -c -o file.o
configure:18134: gfortran -c -g -O2 -o out/conftest2.o conftest.f >&5
configure:18138: $? = 0
configure:18160: result: yes
configure:18186: checking whether the gfortran linker (/usr/bin/ld) supports shared libraries
configure:19100: result: yes
configure:19167: checking dynamic linker characteristics
configure:19717: result: GNU/Linux ld.so
configure:19741: checking how to hardcode library paths into programs
configure:19766: result: immediate
configure:23329: checking for bash
configure:23347: found /bin/bash
configure:23359: result: /bin/bash
configure:23367: checking if dolt supports this host
configure:23398: result: yes, replacing libtool
configure:23538: checking for isnan in -lm
configure:23563: gcc -o conftest  -DLINUX   conftest.c -lm   >&5
conftest.c:32: warning: conflicting types for built-in function 'isnan'
configure:23563: $? = 0
configure:23572: result: yes
configure:24226: checking for xml2-config
configure:24244: found /usr/bin/xml2-config
configure:24257: result: /usr/bin/xml2-config
configure:24296: checking for libxml2 - version >= 2.6.16
configure:24424: gcc -o conftest  -DLINUX  -I/usr/include/libxml2  conftest.c -lxml2 -lm  >&5
configure:24424: $? = 0
configure:24424: ./conftest
configure:24424: $? = 0
configure:24438: result: yes (version 2.7.6)
configure:24887: checking for zlib library
configure:24890: result: yes
configure:24912: checking for deflate in -lz
configure:24937: gcc -o conftest  -DLINUX   conftest.c -lz  -lm  >&5
configure:24937: $? = 0
configure:24946: result: yes
configure:25033: checking zlib.h usability
configure:25033: gcc -c  -DLINUX  conftest.c >&5
configure:25033: $? = 0
configure:25033: result: yes
configure:25033: checking zlib.h presence
configure:25033: gcc -E -DLINUX  conftest.c
configure:25033: $? = 0
configure:25033: result: yes
configure:25033: checking for zlib.h
configure:25033: result: yes
configure:25064: checking for possibly buggy zlib
configure:25099: gcc -o conftest  -DLINUX   conftest.c -lz -lm  >&5
configure:25099: $? = 0
configure:25099: ./conftest
found zlib version 1.2.3.3 (1020303)
configure:25099: $? = 0
configure:25100: result: no
configure:25171: checking for bzip2 library
configure:25174: result: yes
configure:25197: checking for BZ2_bzopen in -lbz2
configure:25222: gcc -o conftest  -DLINUX   conftest.c -lbz2  -lm  >&5
configure:25222: $? = 0
configure:25231: result: yes
configure:25290: checking bzlib.h usability
configure:25290: gcc -c  -DLINUX  conftest.c >&5
configure:25290: $? = 0
configure:25290: result: yes
configure:25290: checking bzlib.h presence
configure:25290: gcc -E -DLINUX  conftest.c
configure:25290: $? = 0
configure:25290: result: yes
configure:25290: checking for bzlib.h
configure:25290: result: yes
configure:25340: checking for ANSI C header files
configure:25444: result: yes
configure:25454: checking errno.h usability
configure:25454: gcc -c  -DLINUX  conftest.c >&5
configure:25454: $? = 0
configure:25454: result: yes
configure:25454: checking errno.h presence
configure:25454: gcc -E -DLINUX  conftest.c
configure:25454: $? = 0
configure:25454: result: yes
configure:25454: checking for errno.h
configure:25454: result: yes
configure:25466: checking math.h usability
configure:25466: gcc -c  -DLINUX  conftest.c >&5
configure:25466: $? = 0
configure:25466: result: yes
configure:25466: checking math.h presence
configure:25466: gcc -E -DLINUX  conftest.c
configure:25466: $? = 0
configure:25466: result: yes
configure:25466: checking for math.h
configure:25466: result: yes
configure:25478: checking ieeefp.h usability
configure:25478: gcc -c  -DLINUX  conftest.c >&5
conftest.c:67:20: error: ieeefp.h: No such file or directory
configure:25478: $? = 1
configure: failed program was:
| /* confdefs.h */
| #define PACKAGE_NAME "libSBML"
| #define PACKAGE_TARNAME "libsbml"
| #define PACKAGE_VERSION "5.0.0"
| #define PACKAGE_STRING "libSBML 5.0.0"
| #define PACKAGE_BUGREPORT "libsbml-team@caltech.edu"
| #define PACKAGE_URL "http://sbml.org/Software/libSBML"
| #define USE_COMPRESSION 1
| #define SHAREDLIBEXT 1
| #define HOST_TYPE 1
| #define LIBSUFFIX 1
| #define RUN_LDPATH 1
| #define STDC_HEADERS 1
| #define HAVE_SYS_TYPES_H 1
| #define HAVE_SYS_STAT_H 1
| #define HAVE_STDLIB_H 1
| #define HAVE_STRING_H 1
| #define HAVE_MEMORY_H 1
| #define HAVE_STRINGS_H 1
| #define HAVE_INTTYPES_H 1
| #define HAVE_STDINT_H 1
| #define HAVE_UNISTD_H 1
| #define HAVE_DLFCN_H 1
| #define HAVE_LIBM 1
| #define USE_LIBXML 1
| #define HAVE_LIBZ 1
| #define USE_ZLIB 1
| #define HAVE_LIBBZ2 1
| #define USE_BZ2 1
| #define STDC_HEADERS 1
| #define HAVE_ERRNO_H 1
| #define HAVE_MATH_H 1
| /* end confdefs.h.  */
| #include <stdio.h>
| #ifdef HAVE_SYS_TYPES_H
| # include <sys/types.h>
| #endif
| #ifdef HAVE_SYS_STAT_H
| # include <sys/stat.h>
| #endif
| #ifdef STDC_HEADERS
| # include <stdlib.h>
| # include <stddef.h>
| #else
| # ifdef HAVE_STDLIB_H
| #  include <stdlib.h>
| # endif
| #endif
| #ifdef HAVE_STRING_H
| # if !defined STDC_HEADERS && defined HAVE_MEMORY_H
| #  include <memory.h>
| # endif
| # include <string.h>
| #endif
| #ifdef HAVE_STRINGS_H
| # include <strings.h>
| #endif
| #ifdef HAVE_INTTYPES_H
| # include <inttypes.h>
| #endif
| #ifdef HAVE_STDINT_H
| # include <stdint.h>
| #endif
| #ifdef HAVE_UNISTD_H
| # include <unistd.h>
| #endif
| #include <ieeefp.h>
configure:25478: result: no
configure:25478: checking ieeefp.h presence
configure:25478: gcc -E -DLINUX  conftest.c
conftest.c:34:20: error: ieeefp.h: No such file or directory
configure:25478: $? = 1
configure: failed program was:
| /* confdefs.h */
| #define PACKAGE_NAME "libSBML"
| #define PACKAGE_TARNAME "libsbml"
| #define PACKAGE_VERSION "5.0.0"
| #define PACKAGE_STRING "libSBML 5.0.0"
| #define PACKAGE_BUGREPORT "libsbml-team@caltech.edu"
| #define PACKAGE_URL "http://sbml.org/Software/libSBML"
| #define USE_COMPRESSION 1
| #define SHAREDLIBEXT 1
| #define HOST_TYPE 1
| #define LIBSUFFIX 1
| #define RUN_LDPATH 1
| #define STDC_HEADERS 1
| #define HAVE_SYS_TYPES_H 1
| #define HAVE_SYS_STAT_H 1
| #define HAVE_STDLIB_H 1
| #define HAVE_STRING_H 1
| #define HAVE_MEMORY_H 1
| #define HAVE_STRINGS_H 1
| #define HAVE_INTTYPES_H 1
| #define HAVE_STDINT_H 1
| #define HAVE_UNISTD_H 1
| #define HAVE_DLFCN_H 1
| #define HAVE_LIBM 1
| #define USE_LIBXML 1
| #define HAVE_LIBZ 1
| #define USE_ZLIB 1
| #define HAVE_LIBBZ2 1
| #define USE_BZ2 1
| #define STDC_HEADERS 1
| #define HAVE_ERRNO_H 1
| #define HAVE_MATH_H 1
| /* end confdefs.h.  */
| #include <ieeefp.h>
configure:25478: result: no
configure:25478: checking for ieeefp.h
configure:25478: result: no
configure:25491: checking whether byte ordering is bigendian
configure:25506: gcc -c  -DLINUX  conftest.c >&5
conftest.c:35: error: expected '=', ',', ';', 'asm' or '__attribute__' before 'a'
configure:25506: $? = 1
configure: failed program was:
| /* confdefs.h */
| #define PACKAGE_NAME "libSBML"
| #define PACKAGE_TARNAME "libsbml"
| #define PACKAGE_VERSION "5.0.0"
| #define PACKAGE_STRING "libSBML 5.0.0"
| #define PACKAGE_BUGREPORT "libsbml-team@caltech.edu"
| #define PACKAGE_URL "http://sbml.org/Software/libSBML"
| #define USE_COMPRESSION 1
| #define SHAREDLIBEXT 1
| #define HOST_TYPE 1
| #define LIBSUFFIX 1
| #define RUN_LDPATH 1
| #define STDC_HEADERS 1
| #define HAVE_SYS_TYPES_H 1
| #define HAVE_SYS_STAT_H 1
| #define HAVE_STDLIB_H 1
| #define HAVE_STRING_H 1
| #define HAVE_MEMORY_H 1
| #define HAVE_STRINGS_H 1
| #define HAVE_INTTYPES_H 1
| #define HAVE_STDINT_H 1
| #define HAVE_UNISTD_H 1
| #define HAVE_DLFCN_H 1
| #define HAVE_LIBM 1
| #define USE_LIBXML 1
| #define HAVE_LIBZ 1
| #define USE_ZLIB 1
| #define HAVE_LIBBZ2 1
| #define USE_BZ2 1
| #define STDC_HEADERS 1
| #define HAVE_ERRNO_H 1
| #define HAVE_MATH_H 1
| /* end confdefs.h.  */
| #ifndef __APPLE_CC__
| 	       not a universal capable compiler
| 	     #endif
| 	     typedef int dummy;
| 
configure:25551: gcc -c  -DLINUX  conftest.c >&5
configure:25551: $? = 0
configure:25569: gcc -c  -DLINUX  conftest.c >&5
conftest.c: In function 'main':
conftest.c:41: error: 'not' undeclared (first use in this function)
conftest.c:41: error: (Each undeclared identifier is reported only once
conftest.c:41: error: for each function it appears in.)
conftest.c:41: error: expected ';' before 'big'
configure:25569: $? = 1
configure: failed program was:
| /* confdefs.h */
| #define PACKAGE_NAME "libSBML"
| #define PACKAGE_TARNAME "libsbml"
| #define PACKAGE_VERSION "5.0.0"
| #define PACKAGE_STRING "libSBML 5.0.0"
| #define PACKAGE_BUGREPORT "libsbml-team@caltech.edu"
| #define PACKAGE_URL "http://sbml.org/Software/libSBML"
| #define USE_COMPRESSION 1
| #define SHAREDLIBEXT 1
| #define HOST_TYPE 1
| #define LIBSUFFIX 1
| #define RUN_LDPATH 1
| #define STDC_HEADERS 1
| #define HAVE_SYS_TYPES_H 1
| #define HAVE_SYS_STAT_H 1
| #define HAVE_STDLIB_H 1
| #define HAVE_STRING_H 1
| #define HAVE_MEMORY_H 1
| #define HAVE_STRINGS_H 1
| #define HAVE_INTTYPES_H 1
| #define HAVE_STDINT_H 1
| #define HAVE_UNISTD_H 1
| #define HAVE_DLFCN_H 1
| #define HAVE_LIBM 1
| #define USE_LIBXML 1
| #define HAVE_LIBZ 1
| #define USE_ZLIB 1
| #define HAVE_LIBBZ2 1
| #define USE_BZ2 1
| #define STDC_HEADERS 1
| #define HAVE_ERRNO_H 1
| #define HAVE_MATH_H 1
| /* end confdefs.h.  */
| #include <sys/types.h>
| 		#include <sys/param.h>
| 
| int
| main ()
| {
| #if BYTE_ORDER != BIG_ENDIAN
| 		 not big endian
| 		#endif
| 
|   ;
|   return 0;
| }
configure:25697: result: no
configure:25715: checking for an ANSI C-conforming const
configure:25780: gcc -c  -DLINUX  conftest.c >&5
configure:25780: $? = 0
configure:25787: result: yes
configure:25795: checking for size_t
configure:25795: gcc -c  -DLINUX  conftest.c >&5
configure:25795: $? = 0
configure:25795: gcc -c  -DLINUX  conftest.c >&5
conftest.c: In function 'main':
conftest.c:70: error: expected expression before ')' token
configure:25795: $? = 1
configure: failed program was:
| /* confdefs.h */
| #define PACKAGE_NAME "libSBML"
| #define PACKAGE_TARNAME "libsbml"
| #define PACKAGE_VERSION "5.0.0"
| #define PACKAGE_STRING "libSBML 5.0.0"
| #define PACKAGE_BUGREPORT "libsbml-team@caltech.edu"
| #define PACKAGE_URL "http://sbml.org/Software/libSBML"
| #define USE_COMPRESSION 1
| #define SHAREDLIBEXT 1
| #define HOST_TYPE 1
| #define LIBSUFFIX 1
| #define RUN_LDPATH 1
| #define STDC_HEADERS 1
| #define HAVE_SYS_TYPES_H 1
| #define HAVE_SYS_STAT_H 1
| #define HAVE_STDLIB_H 1
| #define HAVE_STRING_H 1
| #define HAVE_MEMORY_H 1
| #define HAVE_STRINGS_H 1
| #define HAVE_INTTYPES_H 1
| #define HAVE_STDINT_H 1
| #define HAVE_UNISTD_H 1
| #define HAVE_DLFCN_H 1
| #define HAVE_LIBM 1
| #define USE_LIBXML 1
| #define HAVE_LIBZ 1
| #define USE_ZLIB 1
| #define HAVE_LIBBZ2 1
| #define USE_BZ2 1
| #define STDC_HEADERS 1
| #define HAVE_ERRNO_H 1
| #define HAVE_MATH_H 1
| /* end confdefs.h.  */
| #include <stdio.h>
| #ifdef HAVE_SYS_TYPES_H
| # include <sys/types.h>
| #endif
| #ifdef HAVE_SYS_STAT_H
| # include <sys/stat.h>
| #endif
| #ifdef STDC_HEADERS
| # include <stdlib.h>
| # include <stddef.h>
| #else
| # ifdef HAVE_STDLIB_H
| #  include <stdlib.h>
| # endif
| #endif
| #ifdef HAVE_STRING_H
| # if !defined STDC_HEADERS && defined HAVE_MEMORY_H
| #  include <memory.h>
| # endif
| # include <string.h>
| #endif
| #ifdef HAVE_STRINGS_H
| # include <strings.h>
| #endif
| #ifdef HAVE_INTTYPES_H
| # include <inttypes.h>
| #endif
| #ifdef HAVE_STDINT_H
| # include <stdint.h>
| #endif
| #ifdef HAVE_UNISTD_H
| # include <unistd.h>
| #endif
| int
| main ()
| {
| if (sizeof ((size_t)))
| 	    return 0;
|   ;
|   return 0;
| }
configure:25795: result: yes
configure:26136: creating ./config.status

## ---------------------- ##
## Running config.status. ##
## ---------------------- ##

This file was extended by libSBML config.status 5.0.0, which was
generated by GNU Autoconf 2.65.  Invocation command line was

  CONFIG_FILES    = 
  CONFIG_HEADERS  = 
  CONFIG_LINKS    = 
  CONFIG_COMMANDS = 
  $ ./config.status 

on Sean

config.status:1035: creating config/makefile-common-vars.mk
config.status:1035: creating config/lt_link_helper.sh
config.status:1035: creating config/mkoctfile_wrapper.sh
config.status:1035: creating config/chk_swig_version.sh
config.status:1035: creating ./Makefile
config.status:1035: creating libsbml.spec
config.status:1035: creating src/Makefile
config.status:1035: creating src/sbml/common/Makefile
config.status:1035: creating src/sbml/common/libsbml-version.h
config.status:1035: creating src/bindings/Makefile
config.status:1035: creating src/bindings/python/Makefile
config.status:1035: creating src/bindings/python/setup.py
config.status:1035: creating src/bindings/perl/Makefile
config.status:1035: creating src/bindings/perl/Makefile.PL
config.status:1035: creating src/bindings/matlab/Makefile
config.status:1035: creating src/bindings/matlab/test/Makefile
config.status:1035: creating src/bindings/octave/Makefile
config.status:1035: creating src/bindings/octave/test/Makefile
config.status:1035: creating src/bindings/java/Makefile
config.status:1035: creating src/bindings/java/Manifest.txt
config.status:1035: creating src/bindings/ruby/Makefile
config.status:1035: creating src/bindings/csharp/Makefile
config.status:1035: creating src/sbml/annotation/Makefile
config.status:1035: creating src/sbml/annotation/test/Makefile
config.status:1035: creating src/sbml/math/Makefile
config.status:1035: creating src/sbml/math/test/Makefile
config.status:1035: creating src/sbml/units/Makefile
config.status:1035: creating src/sbml/units/test/Makefile
config.status:1035: creating src/sbml/Makefile
config.status:1035: creating src/sbml/test/Makefile
config.status:1035: creating src/sbml/util/Makefile
config.status:1035: creating src/sbml/util/test/Makefile
config.status:1035: creating src/sbml/validator/Makefile
config.status:1035: creating src/sbml/validator/constraints/Makefile
config.status:1035: creating src/sbml/validator/test/Makefile
config.status:1035: creating src/sbml/xml/Makefile
config.status:1035: creating src/sbml/xml/test/Makefile
config.status:1035: creating src/sbml/compress/Makefile
config.status:1035: creating src/sbml/extension/Makefile
config.status:1035: creating src/sbml/extension/test/Makefile
config.status:1035: creating src/sbml/packages/Makefile
config.status:1035: creating src/sbml/packages/layout/Makefile
config.status:1035: creating src/sbml/packages/layout/common/Makefile
config.status:1035: creating src/sbml/packages/layout/extension/Makefile
config.status:1035: creating src/sbml/packages/layout/sbml/Makefile
config.status:1035: creating src/sbml/packages/layout/util/Makefile
config.status:1035: creating src/sbml/packages/layout/sbml/test/Makefile
config.status:1035: creating docs/Makefile
config.status:1035: creating docs/index.html
config.status:1035: creating docs/src/doxygen-config-c.txt
config.status:1035: creating docs/src/doxygen-config-cpp.txt
config.status:1035: creating docs/src/doxygen-config-csharp.txt
config.status:1035: creating docs/src/doxygen-config-octave.txt
config.status:1035: creating docs/src/doxygen-config-python.txt
config.status:1035: creating docs/src/doxygen-config-perl.txt
config.status:1035: creating docs/src/doxygen-config-matlab.txt
config.status:1035: creating docs/src/libsbml-installation.html
config.status:1035: creating docs/src/common-text/libsbml-version.html
config.status:1035: creating docs/src/Makefile
config.status:1035: creating examples/c/Makefile
config.status:1035: creating examples/c++/Makefile
config.status:1035: creating examples/java/Makefile
config.status:1035: creating examples/csharp/Makefile
config.status:1035: creating macosx/Makefile
config.status:1035: creating macosx/build.sh
config.status:1035: creating macosx/resources/package-intro.txt
config.status:1035: creating macosx/resources/package-readme.txt
config.status:1035: creating macosx/libsbml-package.pmdoc/01local-contents.xml
config.status:1035: creating macosx/libsbml-package.pmdoc/01local.xml
config.status:1035: creating macosx/libsbml-package.pmdoc/index.xml
config.status:1035: creating src/sbml/common/libsbml-config-common.h
config.status:1201: src/sbml/common/libsbml-config-common.h is unchanged
config.status:1035: creating src/sbml/common/libsbml-package.h
config.status:1201: src/sbml/common/libsbml-package.h is unchanged
config.status:1035: creating src/sbml/common/libsbml-namespace.h
config.status:1201: src/sbml/common/libsbml-namespace.h is unchanged

## ---------------- ##
## Cache variables. ##
## ---------------- ##

ac_cv_build=i686-pc-linux-gnu
ac_cv_c_bigendian=no
ac_cv_c_compiler_gnu=yes
ac_cv_c_const=yes
ac_cv_cxx_compiler_gnu=yes
ac_cv_env_CCC_set=
ac_cv_env_CCC_value=
ac_cv_env_CC_set=
ac_cv_env_CC_value=
ac_cv_env_CFLAGS_set=
ac_cv_env_CFLAGS_value=
ac_cv_env_CPPFLAGS_set=
ac_cv_env_CPPFLAGS_value=
ac_cv_env_CPP_set=
ac_cv_env_CPP_value=
ac_cv_env_CXXCPP_set=
ac_cv_env_CXXCPP_value=
ac_cv_env_CXXFLAGS_set=
ac_cv_env_CXXFLAGS_value=
ac_cv_env_CXX_set=
ac_cv_env_CXX_value=
ac_cv_env_F77_set=
ac_cv_env_F77_value=
ac_cv_env_FFLAGS_set=
ac_cv_env_FFLAGS_value=
ac_cv_env_LDFLAGS_set=
ac_cv_env_LDFLAGS_value=
ac_cv_env_LIBS_set=
ac_cv_env_LIBS_value=
ac_cv_env_PERL_set=
ac_cv_env_PERL_value=
ac_cv_env_PYTHON_set=
ac_cv_env_PYTHON_value=
ac_cv_env_RUBY_set=
ac_cv_env_RUBY_value=
ac_cv_env_build_alias_set=
ac_cv_env_build_alias_value=
ac_cv_env_host_alias_set=
ac_cv_env_host_alias_value=
ac_cv_env_target_alias_set=
ac_cv_env_target_alias_value=
ac_cv_f77_compiler_gnu=yes
ac_cv_header_bzlib_h=yes
ac_cv_header_dlfcn_h=yes
ac_cv_header_errno_h=yes
ac_cv_header_ieeefp_h=no
ac_cv_header_inttypes_h=yes
ac_cv_header_math_h=yes
ac_cv_header_memory_h=yes
ac_cv_header_stdc=yes
ac_cv_header_stdint_h=yes
ac_cv_header_stdlib_h=yes
ac_cv_header_string_h=yes
ac_cv_header_strings_h=yes
ac_cv_header_sys_stat_h=yes
ac_cv_header_sys_types_h=yes
ac_cv_header_unistd_h=yes
ac_cv_header_zlib_h=yes
ac_cv_host=i686-pc-linux-gnu
ac_cv_lib_bz2_BZ2_bzopen=yes
ac_cv_lib_m_isnan=yes
ac_cv_lib_z_deflate=yes
ac_cv_objext=o
ac_cv_path_ACLOCAL=/usr/bin/aclocal
ac_cv_path_AUTOCONF=/usr/bin/autoconf
ac_cv_path_DOLT_BASH=/bin/bash
ac_cv_path_EGREP='/bin/grep -E'
ac_cv_path_GREP=/bin/grep
ac_cv_path_XML2_CONFIG=/usr/bin/xml2-config
ac_cv_path_install='/usr/bin/install -c'
ac_cv_prog_CPP='gcc -E'
ac_cv_prog_CXXCPP='g++ -E'
ac_cv_prog_ac_ct_AR=ar
ac_cv_prog_ac_ct_CC=gcc
ac_cv_prog_ac_ct_CXX=g++
ac_cv_prog_ac_ct_F77=gfortran
ac_cv_prog_ac_ct_RANLIB=ranlib
ac_cv_prog_ac_ct_STRIP=strip
ac_cv_prog_cc_c89=
ac_cv_prog_cc_g=yes
ac_cv_prog_cxx_g=yes
ac_cv_prog_f77_g=yes
ac_cv_prog_make_make_set=yes
ac_cv_type_size_t=yes
lt_cv_deplibs_check_method=pass_all
lt_cv_file_magic_cmd='$MAGIC_CMD'
lt_cv_file_magic_test_file=
lt_cv_ld_reload_flag=-r
lt_cv_objdir=.libs
lt_cv_path_LD=/usr/bin/ld
lt_cv_path_LDCXX=/usr/bin/ld
lt_cv_path_NM='/usr/bin/nm -B'
lt_cv_path_SED=/bin/sed
lt_cv_prog_compiler_c_o=yes
lt_cv_prog_compiler_c_o_CXX=yes
lt_cv_prog_compiler_c_o_F77=yes
lt_cv_prog_compiler_pic_works=yes
lt_cv_prog_compiler_pic_works_CXX=yes
lt_cv_prog_compiler_pic_works_F77=yes
lt_cv_prog_compiler_rtti_exceptions=no
lt_cv_prog_compiler_static_works=yes
lt_cv_prog_compiler_static_works_CXX=yes
lt_cv_prog_compiler_static_works_F77=yes
lt_cv_prog_gnu_ld=yes
lt_cv_prog_gnu_ldcxx=yes
lt_cv_sys_global_symbol_pipe='sed -n -e '\''s/^.*[ 	]\([ABCDGIRSTW][ABCDGIRSTW]*\)[ 	][ 	]*\([_A-Za-z][_A-Za-z0-9]*\)$/\1 \2 \2/p'\'''
lt_cv_sys_global_symbol_to_c_name_address='sed -n -e '\''s/^: \([^ ]*\) $/  {\"\1\", (lt_ptr) 0},/p'\'' -e '\''s/^[BCDEGRST] \([^ ]*\) \([^ ]*\)$/  {"\2", (lt_ptr) \&\2},/p'\'''
lt_cv_sys_global_symbol_to_cdecl='sed -n -e '\''s/^. .* \(.*\)$/extern int \1;/p'\'''
lt_cv_sys_lib_dlsearch_path_spec='/lib /usr/lib /usr/lib/mesa /lib/i486-linux-gnu /usr/lib/i486-linux-gnu /usr/lib/alsa-lib /usr/local/lib '
lt_cv_sys_lib_search_path_spec='/usr/lib/gcc/i486-linux-gnu/4.4.3 /usr/lib /lib /usr/lib/i486-linux-gnu'
lt_cv_sys_max_cmd_len=1572864
lt_lt_cv_prog_compiler_c_o='"yes"'
lt_lt_cv_prog_compiler_c_o_CXX='"yes"'
lt_lt_cv_prog_compiler_c_o_F77='"yes"'
lt_lt_cv_sys_global_symbol_pipe='"sed -n -e '\''s/^.*[ 	]\\([ABCDGIRSTW][ABCDGIRSTW]*\\)[ 	][ 	]*\\([_A-Za-z][_A-Za-z0-9]*\\)\$/\\1 \\2 \\2/p'\''"'
lt_lt_cv_sys_global_symbol_to_c_name_address='"sed -n -e '\''s/^: \\([^ ]*\\) \$/  {\\\"\\1\\\", (lt_ptr) 0},/p'\'' -e '\''s/^[BCDEGRST] \\([^ ]*\\) \\([^ ]*\\)\$/  {\"\\2\", (lt_ptr) \\&\\2},/p'\''"'
lt_lt_cv_sys_global_symbol_to_cdecl='"sed -n -e '\''s/^. .* \\(.*\\)\$/extern int \\1;/p'\''"'

## ----------------- ##
## Output variables. ##
## ----------------- ##

ACLOCAL='/usr/bin/aclocal'
AR='ar'
AS='as'
AUTOCONF='/usr/bin/autoconf'
BUGGY_APPLE_LIBXML=''
BZ2_CPPFLAGS=''
BZ2_LDFLAGS=''
BZ2_LIBS='-lbz2'
CC='gcc'
CFLAGS=''
CPP='gcc -E'
CPPFLAGS='-DLINUX '
CSHARP_CILINTERPRETER=''
CSHARP_COMPILER=''
CSHARP_CPPFLAGS=''
CSHARP_EXT=''
CSHARP_LDFLAGS=''
CSHARP_SWIGFLAGS=''
CXX='g++'
CXXCPP='g++ -E'
CXXFLAGS=''
DEFS='-DHAVE_CONFIG_H'
DLLTOOL='dlltool'
DOLT_BASH='/bin/bash'
DOXYGEN='no-doxygen-found'
DOXYGEN_CONFIG_OPT=''
DSYMUTIL=''
ECHO='echo'
ECHO_C=''
ECHO_N='-n'
ECHO_T=''
EGREP='/bin/grep -E'
EXEEXT=''
EXPAT_CPPFLAGS=''
EXPAT_LDFLAGS=''
EXPAT_LIBS=''
F77='gfortran'
FFLAGS='-g -O2'
FILE=''
GACUTIL=''
GREP='/bin/grep'
HAS_GCC_WNO_LONG_DOUBLE='1'
HOST_TYPE='linux'
INSTALL_DATA='${INSTALL} -m 644'
INSTALL_PROGRAM='${INSTALL}'
INSTALL_SCRIPT='${INSTALL}'
JAR=''
JAVA=''
JAVAC=''
JAVADOC_JAR=''
JAVA_CPPFLAGS=''
JAVA_LDFLAGS=''
JNIBASENAME=''
JNIEXT=''
LDFLAGS=''
LIBCHECK_CPPFLAGS=''
LIBCHECK_LDFLAGS=''
LIBCHECK_LIBS=''
LIBOBJS=''
LIBS='-lm '
LIBSBML_BETA_VERSION=''
LIBSBML_MAJOR_VERSION='5'
LIBSBML_MINOR_VERSION='0'
LIBSBML_OPTIONS=' USE_UNIVBINARY USE_PYTHON USE_PERL USE_JAVA USE_MATLAB USE_OCTAVE USE_RUBY USE_CSHARP USE_SWIG USE_EXPAT USE_XERCES USE_LIBCHECK USE_ZLIB USE_BZ2'
LIBSBML_REVISION_VERSION='0'
LIBSBML_VERSION_NUMERIC='50000'
LIBSUFFIX=''
LIBTOOL='$(top_builddir)/doltlibtool'
LIBXML_CPPFLAGS='-I/usr/include/libxml2'
LIBXML_LDFLAGS=''
LIBXML_LIBS='-lxml2'
LN_S='ln -s'
LOCALOCTFILEDIR=''
LTCOMPILE='$(top_builddir)/doltcompile $(COMPILE)'
LTCXXCOMPILE='$(top_builddir)/doltcompile $(CXXCOMPILE)'
LTLIBOBJS=''
MATLAB=''
MKOCTFILE=''
MKOCTFILE_FLAGS=''
NMEDIT=''
OBJDUMP='objdump'
OBJEXT='o'
OCTAVE=''
OCTAVEEXT=''
OCTAVE_CONFIG=''
PACKAGE_BUGREPORT='libsbml-team@caltech.edu'
PACKAGE_NAME='libSBML'
PACKAGE_STRING='libSBML 5.0.0'
PACKAGE_TARNAME='libsbml'
PACKAGE_URL='http://sbml.org/Software/libSBML'
PACKAGE_VERSION='5.0.0'
PATH_SEPARATOR=':'
PERL=''
PERL_CPPFLAGS=''
PERL_LDFLAGS=''
PERL_LIBS=''
PYTHON=''
PYTHON_CPPFLAGS=''
PYTHON_EXT=''
PYTHON_LDFLAGS=''
PYTHON_LIBS=''
RANLIB='ranlib'
RUBY=''
RUBY_CPPFLAGS=''
RUBY_LDFLAGS=''
RUBY_LIBS=''
RUN_LDPATH=':/home/alex/Documents/imperial/project/work/SBMLIntegrator/source/libsbml/lib/:/home/alex/Documents/imperial/project/work/SBMLIntegrator/source/libsbml/lib/:/home/alex/Documents/imperial/project/work/SBMLIntegrator/source/libsbml/lib/:'
SED='/bin/sed'
SET_MAKE=''
SHAREDLIBEXT='so'
SHELL='/bin/bash'
SN=''
STRIP='strip'
SWIG='swig'
SWIGFLAGS=''
SWIGLIB=''
SWIGNEEDVERSION='2.0.0'
SWIG_CONFIG_OPT=''
SWIG_CPPFLAGS=''
SWIG_LDFLAGS=''
SWIG_LIBS=''
USE_BZ2='1'
USE_COMPRESSION='1'
USE_CSHARP=''
USE_DOXYGEN=''
USE_EXPAT=''
USE_JAVA=''
USE_LAYOUT=''
USE_LIBCHECK=''
USE_LIBXML='1'
USE_MATLAB=''
USE_OCTAVE=''
USE_PERL=''
USE_PYTHON=''
USE_RUBY=''
USE_SUN_CC=''
USE_SWIG=''
USE_UNIVBINARY=''
USE_XERCES=''
USE_ZLIB='1'
XERCES_CPPFLAGS=''
XERCES_LDFLAGS=''
XERCES_LIBS=''
XML2_CONFIG='/usr/bin/xml2-config'
XML_PARSER='libxml2'
ZLIB_CPPFLAGS=''
ZLIB_LDFLAGS=''
ZLIB_LIBS='-lz'
ac_ct_CC='gcc'
ac_ct_CXX='g++'
ac_ct_F77='gfortran'
bindir='${exec_prefix}/bin'
build='i686-pc-linux-gnu'
build_alias=''
build_cpu='i686'
build_os='linux-gnu'
build_vendor='pc'
datadir='${datarootdir}'
datarootdir='${prefix}/share'
docdir='${datarootdir}/doc/${PACKAGE_TARNAME}'
dvidir='${docdir}'
exec_prefix='${prefix}'
host='i686-pc-linux-gnu'
host_alias=''
host_cpu='i686'
host_os='linux-gnu'
host_vendor='pc'
htmldir='${docdir}'
includedir='${prefix}/include'
infodir='${datarootdir}/info'
libdir='${exec_prefix}/lib'
libexecdir='${exec_prefix}/libexec'
localedir='${datarootdir}/locale'
localstatedir='${prefix}/var'
mandir='${datarootdir}/man'
oldincludedir='/usr/include'
pdfdir='${docdir}'
prefix='/home/alex/Documents/imperial/project/work/SBMLIntegrator/source/libsbml'
program_transform_name='s,x,x,'
psdir='${docdir}'
sbindir='${exec_prefix}/sbin'
sharedstatedir='${prefix}/com'
sysconfdir='${prefix}/etc'
target_alias=''

## ----------- ##
## confdefs.h. ##
## ----------- ##

/* confdefs.h */
#define PACKAGE_NAME "libSBML"
#define PACKAGE_TARNAME "libsbml"
#define PACKAGE_VERSION "5.0.0"
#define PACKAGE_STRING "libSBML 5.0.0"
#define PACKAGE_BUGREPORT "libsbml-team@caltech.edu"
#define PACKAGE_URL "http://sbml.org/Software/libSBML"
#define USE_COMPRESSION 1
#define SHAREDLIBEXT 1
#define HOST_TYPE 1
#define LIBSUFFIX 1
#define RUN_LDPATH 1
#define STDC_HEADERS 1
#define HAVE_SYS_TYPES_H 1
#define HAVE_SYS_STAT_H 1
#define HAVE_STDLIB_H 1
#define HAVE_STRING_H 1
#define HAVE_MEMORY_H 1
#define HAVE_STRINGS_H 1
#define HAVE_INTTYPES_H 1
#define HAVE_STDINT_H 1
#define HAVE_UNISTD_H 1
#define HAVE_DLFCN_H 1
#define HAVE_LIBM 1
#define USE_LIBXML 1
#define HAVE_LIBZ 1
#define USE_ZLIB 1
#define HAVE_LIBBZ2 1
#define USE_BZ2 1
#define STDC_HEADERS 1
#define HAVE_ERRNO_H 1
#define HAVE_MATH_H 1
#define LIBSBML_OPTIONS 1

configure: exit 0
